1 French
2 French
3 French
4 Italian
5 French
6 English
7 English
8 English
9 Italian
10 French
11 French
12 English
13 Italian
14 Italian
15 French
16 Italian
17 English
18 English
19 English
20 English
21 English
22 French
23 English
24 English
25 English
26 French
27 English
28 Italian
29 French
30 English
31 French
32 Italian
33 French
34 English
35 English
36 English
37 English
38 French
39 Italian
40 Italian
41 Italian
42 French
43 French
44 English
45 Italian
46 English
47 Italian
48 Italian
49 Italian
50 French
51 Italian
52 French
53 French
54 English
55 French
56 Italian
57 English
58 French
59 Italian
60 English
61 English
62 Italian
63 French
64 English
65 English
66 English
67 Italian
68 French
69 French
70 English
71 English
72 French
73 French
74 French
75 Italian
76 French
77 French
78 Italian
79 French
80 English
81 English
82 French
83 French
84 French
85 English
86 English
87 English
88 Italian
89 Italian
90 English
91 English
92 Italian
93 English
94 English
95 French
96 English
97 English
98 English
99 English
100 French
101 Italian
102 English
103 Italian
104 French
105 Italian
106 Italian
107 French
108 Italian
109 Italian
110 English
111 English
112 English
113 English
114 English
115 French
116 French
117 English
118 English
119 French
120 English
121 English
122 French
123 French
124 Italian
125 English
126 Italian
127 English
128 French
129 English
130 French
131 French
132 French
133 Italian
134 English
135 English
136 Italian
137 French
138 English
139 French
140 Italian
141 French
142 French
143 French
144 French
145 French
146 English
147 French
148 English
149 Italian
150 French
151 French
152 Italian
153 Italian
154 English
155 French
156 Italian
157 French
158 French
159 French
160 French
161 Italian
162 English
163 English
164 Italian
165 French
166 French
167 French
168 French
169 English
170 Italian
171 French
172 English
173 French
174 French
175 French
176 English
177 English
178 Italian
179 English
180 Italian
181 French
182 French
183 English
184 Italian
185 Italian
186 French
187 French
188 Italian
189 Italian
190 English
191 English
192 French
193 French
194 English
195 English
196 Italian
197 English
198 French
199 Italian
200 French
201 Italian
202 English
203 French
204 Italian
205 French
206 English
207 French
208 Italian
209 French
210 Italian
211 French
212 French
213 Italian
214 English
215 French
216 Italian
217 French
218 French
219 Italian
220 French
221 French
222 Italian
223 English
224 French
225 English
226 French
227 English
228 English
229 Italian
230 English
231 French
232 French
233 English
234 French
235 French
236 French
237 French
238 French
239 French
240 French
241 French
242 English
243 Italian
244 Italian
245 French
246 English
247 Italian
248 English
249 English
250 French
251 English
252 Italian
253 English
254 French
255 English
256 French
257 French
258 French
259 French
260 French
261 English
262 Italian
263 French
264 Italian
265 French
266 French
267 Italian
268 Italian
269 French
270 Italian
271 French
272 English
273 French
274 English
275 English
276 English
277 French
278 French
279 English
280 English
281 Italian
282 French
283 Italian
284 Italian
285 Italian
286 Italian
287 Italian
288 English
289 French
290 English
291 Italian
292 Italian
293 English
294 Italian
295 Italian
296 French
297 French
298 English
299 Italian
300 French
