Words 168381
Vocabulary 12657
Word. 18900
Wordflow 1828
Wordpressur 1241
Wordnumber 1211
Wordresult 1047
Wordeffect 951
Wordboundari 913
Wordmethod 831
Wordmach 811
Wordsolut 800
Wordtheori 798
Wordlayer 787
Wordequat 721
Wordus 717
Wordj 710
Wordbodi 685
Wordpresent 672
Wordheat 668
Wordwing 665
Wordobtain 617
Wordsurfac 610
Worddistribut 598
Wordshock 594
Wordwere 582
Wordproblem 538
Wordcalcul 529
Wordtemperatur 526
Wordapproxim 526
Wordratio 518
Wordthese 498
Wordinvestig 495
Wordveloc 493
Wordtest 484
Wordcase 483
Wordgiven 480
Wordha 477
Wordcondit 471
Wordexperiment 465
Wordsuperson 457
Wordvalu 453
Wordplate 450
Wordmade 441
Wordmeasur 413
Wordrang 413
Wordcan 409
Wordfound 405
Wordgener 403
Wordangl 395
Worddetermin 394
Wordlaminar 392
